{"E:\\coding\\FinlandMOOCFullStack\\notes\\combinedStripeLoginApp\\app.js": {"path":"E:\\coding\\FinlandMOOCFullStack\\notes\\combinedStripeLoginApp\\app.js","statementMap":{"0":{"start":{"line":2,"column":16},"end":{"line":2,"column":34}},"1":{"start":{"line":3,"column":13},"end":{"line":3,"column":28}},"2":{"start":{"line":4,"column":20},"end":{"line":4,"column":40}},"3":{"start":{"line":5,"column":18},"end":{"line":5,"column":47}},"4":{"start":{"line":6,"column":20},"end":{"line":6,"column":52}},"5":{"start":{"line":7,"column":20},"end":{"line":7,"column":51}},"6":{"start":{"line":8,"column":26},"end":{"line":8,"column":64}},"7":{"start":{"line":9,"column":26},"end":{"line":9,"column":64}},"8":{"start":{"line":10,"column":21},"end":{"line":10,"column":54}},"9":{"start":{"line":11,"column":20},"end":{"line":11,"column":52}},"10":{"start":{"line":15,"column":12},"end":{"line":15,"column":21}},"11":{"start":{"line":19,"column":0},"end":{"line":19,"column":15}},"12":{"start":{"line":26,"column":0},"end":{"line":26,"column":24}},"13":{"start":{"line":28,"column":0},"end":{"line":32,"column":3}},"14":{"start":{"line":29,"column":2},"end":{"line":29,"column":42}},"15":{"start":{"line":30,"column":2},"end":{"line":30,"column":61}},"16":{"start":{"line":31,"column":2},"end":{"line":31,"column":9}},"17":{"start":{"line":34,"column":0},"end":{"line":34,"column":34}},"18":{"start":{"line":35,"column":0},"end":{"line":35,"column":34}},"19":{"start":{"line":36,"column":0},"end":{"line":36,"column":46}},"20":{"start":{"line":37,"column":0},"end":{"line":37,"column":46}},"21":{"start":{"line":38,"column":0},"end":{"line":38,"column":36}},"22":{"start":{"line":39,"column":0},"end":{"line":39,"column":34}},"23":{"start":{"line":41,"column":0},"end":{"line":41,"column":31}},"24":{"start":{"line":43,"column":0},"end":{"line":43,"column":68}},"25":{"start":{"line":53,"column":0},"end":{"line":53,"column":20}}},"fnMap":{"0":{"name":"(anonymous_0)","decl":{"start":{"line":28,"column":8},"end":{"line":28,"column":9}},"loc":{"start":{"line":28,"column":28},"end":{"line":32,"column":1}},"line":28}},"branchMap":{},"s":{"0":5,"1":5,"2":5,"3":5,"4":5,"5":5,"6":5,"7":5,"8":5,"9":5,"10":5,"11":5,"12":5,"13":5,"14":39,"15":39,"16":39,"17":5,"18":5,"19":5,"20":5,"21":5,"22":5,"23":5,"24":5,"25":5},"f":{"0":39},"b":{},"_coverageSchema":"1a1c01bbd47fc00a2c39e90264f33305004495a9","hash":"7d172e3cbfec37396c42e8c50171969a1219cc67"}
,"E:\\coding\\FinlandMOOCFullStack\\notes\\combinedStripeLoginApp\\swagger.js": {"path":"E:\\coding\\FinlandMOOCFullStack\\notes\\combinedStripeLoginApp\\swagger.js","statementMap":{"0":{"start":{"line":1,"column":12},"end":{"line":1,"column":42}},"1":{"start":{"line":2,"column":14},"end":{"line":2,"column":47}},"2":{"start":{"line":3,"column":20},"end":{"line":3,"column":58}},"3":{"start":{"line":4,"column":20},"end":{"line":4,"column":58}},"4":{"start":{"line":5,"column":21},"end":{"line":5,"column":45}},"5":{"start":{"line":7,"column":16},"end":{"line":37,"column":1}},"6":{"start":{"line":39,"column":20},"end":{"line":39,"column":41}},"7":{"start":{"line":41,"column":0},"end":{"line":41,"column":29}}},"fnMap":{},"branchMap":{},"s":{"0":5,"1":5,"2":5,"3":5,"4":5,"5":5,"6":5,"7":5},"f":{},"b":{},"_coverageSchema":"1a1c01bbd47fc00a2c39e90264f33305004495a9","hash":"e02c82004624ca1bf9635b7c65c3602bb4aa60a5"}
,"E:\\coding\\FinlandMOOCFullStack\\notes\\combinedStripeLoginApp\\controllers\\admin.controller.js": {"path":"E:\\coding\\FinlandMOOCFullStack\\notes\\combinedStripeLoginApp\\controllers\\admin.controller.js","statementMap":{"0":{"start":{"line":1,"column":15},"end":{"line":1,"column":32}},"1":{"start":{"line":2,"column":14},"end":{"line":2,"column":48}},"2":{"start":{"line":4,"column":17},"end":{"line":4,"column":45}},"3":{"start":{"line":5,"column":15},"end":{"line":5,"column":41}},"4":{"start":{"line":7,"column":0},"end":{"line":23,"column":1}},"5":{"start":{"line":8,"column":2},"end":{"line":22,"column":3}},"6":{"start":{"line":11,"column":4},"end":{"line":14,"column":5}},"7":{"start":{"line":12,"column":6},"end":{"line":12,"column":71}},"8":{"start":{"line":13,"column":6},"end":{"line":13,"column":81}},"9":{"start":{"line":16,"column":19},"end":{"line":16,"column":49}},"10":{"start":{"line":17,"column":4},"end":{"line":17,"column":38}},"11":{"start":{"line":18,"column":4},"end":{"line":18,"column":57}},"12":{"start":{"line":20,"column":4},"end":{"line":20,"column":60}},"13":{"start":{"line":21,"column":4},"end":{"line":21,"column":76}},"14":{"start":{"line":25,"column":0},"end":{"line":53,"column":1}},"15":{"start":{"line":26,"column":13},"end":{"line":26,"column":21}},"16":{"start":{"line":28,"column":19},"end":{"line":28,"column":32}},"17":{"start":{"line":29,"column":15},"end":{"line":29,"column":24}},"18":{"start":{"line":30,"column":19},"end":{"line":30,"column":32}},"19":{"start":{"line":31,"column":16},"end":{"line":31,"column":26}},"20":{"start":{"line":32,"column":16},"end":{"line":32,"column":26}},"21":{"start":{"line":34,"column":23},"end":{"line":34,"column":25}},"22":{"start":{"line":35,"column":25},"end":{"line":35,"column":66}},"23":{"start":{"line":37,"column":2},"end":{"line":52,"column":3}},"24":{"start":{"line":39,"column":21},"end":{"line":45,"column":6}},"25":{"start":{"line":47,"column":4},"end":{"line":47,"column":50}},"26":{"start":{"line":48,"column":4},"end":{"line":48,"column":34}},"27":{"start":{"line":50,"column":4},"end":{"line":50,"column":59}},"28":{"start":{"line":51,"column":4},"end":{"line":51,"column":48}},"29":{"start":{"line":55,"column":0},"end":{"line":87,"column":1}},"30":{"start":{"line":56,"column":18},"end":{"line":56,"column":31}},"31":{"start":{"line":57,"column":2},"end":{"line":62,"column":3}},"32":{"start":{"line":58,"column":4},"end":{"line":61,"column":6}},"33":{"start":{"line":64,"column":2},"end":{"line":86,"column":3}},"34":{"start":{"line":65,"column":24},"end":{"line":65,"column":63}},"35":{"start":{"line":67,"column":4},"end":{"line":79,"column":5}},"36":{"start":{"line":68,"column":6},"end":{"line":68,"column":52}},"37":{"start":{"line":69,"column":6},"end":{"line":72,"column":8}},"38":{"start":{"line":74,"column":6},"end":{"line":74,"column":72}},"39":{"start":{"line":75,"column":6},"end":{"line":78,"column":8}},"40":{"start":{"line":81,"column":4},"end":{"line":81,"column":59}},"41":{"start":{"line":82,"column":4},"end":{"line":85,"column":6}}},"fnMap":{"0":{"name":"(anonymous_0)","decl":{"start":{"line":7,"column":18},"end":{"line":7,"column":19}},"loc":{"start":{"line":7,"column":37},"end":{"line":23,"column":1}},"line":7},"1":{"name":"(anonymous_1)","decl":{"start":{"line":25,"column":17},"end":{"line":25,"column":18}},"loc":{"start":{"line":25,"column":36},"end":{"line":53,"column":1}},"line":25},"2":{"name":"(anonymous_2)","decl":{"start":{"line":55,"column":21},"end":{"line":55,"column":22}},"loc":{"start":{"line":55,"column":41},"end":{"line":87,"column":1}},"line":55}},"branchMap":{"0":{"loc":{"start":{"line":11,"column":4},"end":{"line":14,"column":5}},"type":"if","locations":[{"start":{"line":11,"column":4},"end":{"line":14,"column":5}},{"start":{},"end":{}}],"line":11},"1":{"loc":{"start":{"line":57,"column":2},"end":{"line":62,"column":3}},"type":"if","locations":[{"start":{"line":57,"column":2},"end":{"line":62,"column":3}},{"start":{},"end":{}}],"line":57},"2":{"loc":{"start":{"line":67,"column":4},"end":{"line":79,"column":5}},"type":"if","locations":[{"start":{"line":67,"column":4},"end":{"line":79,"column":5}},{"start":{"line":73,"column":11},"end":{"line":79,"column":5}}],"line":67}},"s":{"0":5,"1":5,"2":5,"3":5,"4":5,"5":1,"6":1,"7":0,"8":0,"9":1,"10":1,"11":1,"12":0,"13":0,"14":5,"15":4,"16":4,"17":4,"18":4,"19":4,"20":4,"21":4,"22":4,"23":3,"24":3,"25":2,"26":2,"27":1,"28":1,"29":5,"30":1,"31":1,"32":0,"33":1,"34":1,"35":1,"36":0,"37":0,"38":1,"39":1,"40":0,"41":0},"f":{"0":1,"1":4,"2":1},"b":{"0":[0,1],"1":[0,1],"2":[0,1]},"_coverageSchema":"1a1c01bbd47fc00a2c39e90264f33305004495a9","hash":"05d215a4add4b9b3342ec51df4003bd8ca049991"}
,"E:\\coding\\FinlandMOOCFullStack\\notes\\combinedStripeLoginApp\\controllers\\auth.controller.js": {"path":"E:\\coding\\FinlandMOOCFullStack\\notes\\combinedStripeLoginApp\\controllers\\auth.controller.js","statementMap":{"0":{"start":{"line":3,"column":15},"end":{"line":3,"column":33}},"1":{"start":{"line":4,"column":12},"end":{"line":4,"column":35}},"2":{"start":{"line":5,"column":15},"end":{"line":5,"column":41}},"3":{"start":{"line":6,"column":14},"end":{"line":6,"column":48}},"4":{"start":{"line":7,"column":20},"end":{"line":7,"column":55}},"5":{"start":{"line":8,"column":17},"end":{"line":8,"column":45}},"6":{"start":{"line":10,"column":21},"end":{"line":10,"column":45}},"7":{"start":{"line":11,"column":0},"end":{"line":80,"column":1}},"8":{"start":{"line":12,"column":2},"end":{"line":79,"column":3}},"9":{"start":{"line":14,"column":21},"end":{"line":14,"column":38}},"10":{"start":{"line":15,"column":21},"end":{"line":15,"column":38}},"11":{"start":{"line":17,"column":4},"end":{"line":23,"column":5}},"12":{"start":{"line":18,"column":6},"end":{"line":18,"column":52}},"13":{"start":{"line":19,"column":6},"end":{"line":22,"column":9}},"14":{"start":{"line":25,"column":4},"end":{"line":31,"column":5}},"15":{"start":{"line":26,"column":6},"end":{"line":26,"column":52}},"16":{"start":{"line":27,"column":6},"end":{"line":30,"column":9}},"17":{"start":{"line":34,"column":18},"end":{"line":34,"column":71}},"18":{"start":{"line":36,"column":4},"end":{"line":42,"column":5}},"19":{"start":{"line":37,"column":6},"end":{"line":37,"column":72}},"20":{"start":{"line":38,"column":6},"end":{"line":41,"column":8}},"21":{"start":{"line":45,"column":20},"end":{"line":45,"column":85}},"22":{"start":{"line":47,"column":4},"end":{"line":53,"column":5}},"23":{"start":{"line":48,"column":6},"end":{"line":48,"column":85}},"24":{"start":{"line":49,"column":6},"end":{"line":52,"column":8}},"25":{"start":{"line":56,"column":18},"end":{"line":56,"column":56}},"26":{"start":{"line":57,"column":4},"end":{"line":57,"column":66}},"27":{"start":{"line":60,"column":4},"end":{"line":71,"column":6}},"28":{"start":{"line":74,"column":4},"end":{"line":74,"column":50}},"29":{"start":{"line":75,"column":4},"end":{"line":78,"column":6}},"30":{"start":{"line":82,"column":0},"end":{"line":120,"column":1}},"31":{"start":{"line":83,"column":15},"end":{"line":83,"column":29}},"32":{"start":{"line":84,"column":2},"end":{"line":87,"column":3}},"33":{"start":{"line":85,"column":4},"end":{"line":85,"column":58}},"34":{"start":{"line":86,"column":4},"end":{"line":86,"column":71}},"35":{"start":{"line":89,"column":17},"end":{"line":89,"column":51}},"36":{"start":{"line":90,"column":2},"end":{"line":90,"column":48}},"37":{"start":{"line":92,"column":28},"end":{"line":92,"column":34}},"38":{"start":{"line":94,"column":2},"end":{"line":97,"column":3}},"39":{"start":{"line":95,"column":4},"end":{"line":95,"column":58}},"40":{"start":{"line":96,"column":4},"end":{"line":96,"column":80}},"41":{"start":{"line":101,"column":17},"end":{"line":103,"column":3}},"42":{"start":{"line":105,"column":2},"end":{"line":108,"column":3}},"43":{"start":{"line":106,"column":4},"end":{"line":106,"column":87}},"44":{"start":{"line":107,"column":4},"end":{"line":107,"column":123}},"45":{"start":{"line":110,"column":18},"end":{"line":110,"column":57}},"46":{"start":{"line":111,"column":16},"end":{"line":111,"column":78}},"47":{"start":{"line":115,"column":22},"end":{"line":115,"column":46}},"48":{"start":{"line":116,"column":2},"end":{"line":116,"column":63}},"49":{"start":{"line":118,"column":2},"end":{"line":118,"column":92}}},"fnMap":{"0":{"name":"(anonymous_0)","decl":{"start":{"line":11,"column":16},"end":{"line":11,"column":17}},"loc":{"start":{"line":11,"column":35},"end":{"line":80,"column":1}},"line":11},"1":{"name":"(anonymous_1)","decl":{"start":{"line":82,"column":22},"end":{"line":82,"column":23}},"loc":{"start":{"line":82,"column":41},"end":{"line":120,"column":1}},"line":82}},"branchMap":{"0":{"loc":{"start":{"line":17,"column":4},"end":{"line":23,"column":5}},"type":"if","locations":[{"start":{"line":17,"column":4},"end":{"line":23,"column":5}},{"start":{},"end":{}}],"line":17},"1":{"loc":{"start":{"line":25,"column":4},"end":{"line":31,"column":5}},"type":"if","locations":[{"start":{"line":25,"column":4},"end":{"line":31,"column":5}},{"start":{},"end":{}}],"line":25},"2":{"loc":{"start":{"line":36,"column":4},"end":{"line":42,"column":5}},"type":"if","locations":[{"start":{"line":36,"column":4},"end":{"line":42,"column":5}},{"start":{},"end":{}}],"line":36},"3":{"loc":{"start":{"line":47,"column":4},"end":{"line":53,"column":5}},"type":"if","locations":[{"start":{"line":47,"column":4},"end":{"line":53,"column":5}},{"start":{},"end":{}}],"line":47},"4":{"loc":{"start":{"line":84,"column":2},"end":{"line":87,"column":3}},"type":"if","locations":[{"start":{"line":84,"column":2},"end":{"line":87,"column":3}},{"start":{},"end":{}}],"line":84},"5":{"loc":{"start":{"line":94,"column":2},"end":{"line":97,"column":3}},"type":"if","locations":[{"start":{"line":94,"column":2},"end":{"line":97,"column":3}},{"start":{},"end":{}}],"line":94},"6":{"loc":{"start":{"line":94,"column":6},"end":{"line":94,"column":28}},"type":"binary-expr","locations":[{"start":{"line":94,"column":6},"end":{"line":94,"column":12}},{"start":{"line":94,"column":16},"end":{"line":94,"column":28}}],"line":94},"7":{"loc":{"start":{"line":105,"column":2},"end":{"line":108,"column":3}},"type":"if","locations":[{"start":{"line":105,"column":2},"end":{"line":108,"column":3}},{"start":{},"end":{}}],"line":105}},"s":{"0":5,"1":5,"2":5,"3":5,"4":5,"5":5,"6":5,"7":5,"8":8,"9":8,"10":8,"11":8,"12":1,"13":1,"14":7,"15":1,"16":1,"17":6,"18":6,"19":1,"20":1,"21":5,"22":5,"23":1,"24":1,"25":4,"26":4,"27":4,"28":0,"29":0,"30":5,"31":0,"32":0,"33":0,"34":0,"35":0,"36":0,"37":0,"38":0,"39":0,"40":0,"41":0,"42":0,"43":0,"44":0,"45":0,"46":0,"47":0,"48":0,"49":0},"f":{"0":8,"1":0},"b":{"0":[1,7],"1":[1,6],"2":[1,5],"3":[1,4],"4":[0,0],"5":[0,0],"6":[0,0],"7":[0,0]},"_coverageSchema":"1a1c01bbd47fc00a2c39e90264f33305004495a9","hash":"7f1ae6498569b64b168e0496c43feaaf866f230b"}
,"E:\\coding\\FinlandMOOCFullStack\\notes\\combinedStripeLoginApp\\controllers\\email.controller.js": {"path":"E:\\coding\\FinlandMOOCFullStack\\notes\\combinedStripeLoginApp\\controllers\\email.controller.js","statementMap":{"0":{"start":{"line":1,"column":15},"end":{"line":1,"column":41}},"1":{"start":{"line":2,"column":19},"end":{"line":2,"column":40}},"2":{"start":{"line":3,"column":23},"end":{"line":3,"column":57}},"3":{"start":{"line":5,"column":0},"end":{"line":38,"column":1}},"4":{"start":{"line":6,"column":2},"end":{"line":37,"column":3}},"5":{"start":{"line":7,"column":4},"end":{"line":7,"column":40}},"6":{"start":{"line":9,"column":26},"end":{"line":9,"column":50}},"7":{"start":{"line":10,"column":24},"end":{"line":10,"column":79}},"8":{"start":{"line":11,"column":18},"end":{"line":11,"column":47}},"9":{"start":{"line":12,"column":17},"end":{"line":12,"column":45}},"10":{"start":{"line":14,"column":24},"end":{"line":22,"column":6}},"11":{"start":{"line":24,"column":24},"end":{"line":29,"column":5}},"12":{"start":{"line":31,"column":24},"end":{"line":31,"column":63}},"13":{"start":{"line":32,"column":4},"end":{"line":32,"column":42}},"14":{"start":{"line":33,"column":4},"end":{"line":33,"column":62}},"15":{"start":{"line":35,"column":4},"end":{"line":35,"column":51}},"16":{"start":{"line":36,"column":4},"end":{"line":36,"column":87}}},"fnMap":{"0":{"name":"(anonymous_0)","decl":{"start":{"line":5,"column":24},"end":{"line":5,"column":25}},"loc":{"start":{"line":5,"column":43},"end":{"line":38,"column":1}},"line":5}},"branchMap":{},"s":{"0":5,"1":5,"2":5,"3":5,"4":0,"5":0,"6":0,"7":0,"8":0,"9":0,"10":0,"11":0,"12":0,"13":0,"14":0,"15":0,"16":0},"f":{"0":0},"b":{},"_coverageSchema":"1a1c01bbd47fc00a2c39e90264f33305004495a9","hash":"b591878dc7dde07f49f14fe8c6034f3b5a0b4a11"}
,"E:\\coding\\FinlandMOOCFullStack\\notes\\combinedStripeLoginApp\\controllers\\participant.controller.js": {"path":"E:\\coding\\FinlandMOOCFullStack\\notes\\combinedStripeLoginApp\\controllers\\participant.controller.js","statementMap":{"0":{"start":{"line":1,"column":15},"end":{"line":1,"column":32}},"1":{"start":{"line":2,"column":15},"end":{"line":2,"column":41}},"2":{"start":{"line":3,"column":20},"end":{"line":3,"column":59}},"3":{"start":{"line":4,"column":23},"end":{"line":4,"column":57}},"4":{"start":{"line":6,"column":0},"end":{"line":28,"column":1}},"5":{"start":{"line":7,"column":2},"end":{"line":27,"column":3}},"6":{"start":{"line":9,"column":4},"end":{"line":11,"column":5}},"7":{"start":{"line":10,"column":6},"end":{"line":10,"column":81}},"8":{"start":{"line":13,"column":25},"end":{"line":13,"column":67}},"9":{"start":{"line":14,"column":4},"end":{"line":14,"column":44}},"10":{"start":{"line":15,"column":4},"end":{"line":18,"column":6}},"11":{"start":{"line":21,"column":4},"end":{"line":21,"column":51}},"12":{"start":{"line":22,"column":4},"end":{"line":22,"column":24}},"13":{"start":{"line":23,"column":4},"end":{"line":26,"column":6}},"14":{"start":{"line":30,"column":0},"end":{"line":53,"column":1}},"15":{"start":{"line":31,"column":13},"end":{"line":31,"column":21}},"16":{"start":{"line":33,"column":15},"end":{"line":33,"column":24}},"17":{"start":{"line":34,"column":18},"end":{"line":34,"column":30}},"18":{"start":{"line":35,"column":16},"end":{"line":35,"column":26}},"19":{"start":{"line":36,"column":23},"end":{"line":36,"column":40}},"20":{"start":{"line":38,"column":2},"end":{"line":52,"column":3}},"21":{"start":{"line":40,"column":27},"end":{"line":45,"column":6}},"22":{"start":{"line":47,"column":4},"end":{"line":47,"column":53}},"23":{"start":{"line":48,"column":4},"end":{"line":48,"column":40}},"24":{"start":{"line":50,"column":4},"end":{"line":50,"column":65}},"25":{"start":{"line":51,"column":4},"end":{"line":51,"column":48}},"26":{"start":{"line":55,"column":0},"end":{"line":88,"column":1}},"27":{"start":{"line":56,"column":24},"end":{"line":56,"column":37}},"28":{"start":{"line":57,"column":2},"end":{"line":63,"column":3}},"29":{"start":{"line":58,"column":4},"end":{"line":58,"column":45}},"30":{"start":{"line":59,"column":4},"end":{"line":62,"column":6}},"31":{"start":{"line":65,"column":2},"end":{"line":87,"column":3}},"32":{"start":{"line":66,"column":30},"end":{"line":66,"column":87}},"33":{"start":{"line":68,"column":4},"end":{"line":80,"column":5}},"34":{"start":{"line":69,"column":6},"end":{"line":69,"column":75}},"35":{"start":{"line":70,"column":6},"end":{"line":73,"column":8}},"36":{"start":{"line":75,"column":6},"end":{"line":75,"column":71}},"37":{"start":{"line":76,"column":6},"end":{"line":79,"column":8}},"38":{"start":{"line":82,"column":4},"end":{"line":82,"column":51}},"39":{"start":{"line":83,"column":4},"end":{"line":86,"column":6}}},"fnMap":{"0":{"name":"(anonymous_0)","decl":{"start":{"line":6,"column":18},"end":{"line":6,"column":19}},"loc":{"start":{"line":6,"column":37},"end":{"line":28,"column":1}},"line":6},"1":{"name":"(anonymous_1)","decl":{"start":{"line":30,"column":17},"end":{"line":30,"column":18}},"loc":{"start":{"line":30,"column":36},"end":{"line":53,"column":1}},"line":30},"2":{"name":"(anonymous_2)","decl":{"start":{"line":55,"column":21},"end":{"line":55,"column":22}},"loc":{"start":{"line":55,"column":41},"end":{"line":88,"column":1}},"line":55}},"branchMap":{"0":{"loc":{"start":{"line":9,"column":4},"end":{"line":11,"column":5}},"type":"if","locations":[{"start":{"line":9,"column":4},"end":{"line":11,"column":5}},{"start":{},"end":{}}],"line":9},"1":{"loc":{"start":{"line":57,"column":2},"end":{"line":63,"column":3}},"type":"if","locations":[{"start":{"line":57,"column":2},"end":{"line":63,"column":3}},{"start":{},"end":{}}],"line":57},"2":{"loc":{"start":{"line":68,"column":4},"end":{"line":80,"column":5}},"type":"if","locations":[{"start":{"line":68,"column":4},"end":{"line":80,"column":5}},{"start":{"line":74,"column":11},"end":{"line":80,"column":5}}],"line":68}},"s":{"0":5,"1":5,"2":5,"3":5,"4":5,"5":1,"6":1,"7":0,"8":1,"9":1,"10":1,"11":0,"12":0,"13":0,"14":5,"15":4,"16":4,"17":4,"18":4,"19":4,"20":4,"21":4,"22":3,"23":3,"24":1,"25":1,"26":5,"27":3,"28":3,"29":0,"30":0,"31":3,"32":3,"33":2,"34":1,"35":1,"36":1,"37":1,"38":1,"39":1},"f":{"0":1,"1":4,"2":3},"b":{"0":[0,1],"1":[0,3],"2":[1,1]},"_coverageSchema":"1a1c01bbd47fc00a2c39e90264f33305004495a9","hash":"04c6139093ee5bf5c1849e55857291e52e255f45"}
,"E:\\coding\\FinlandMOOCFullStack\\notes\\combinedStripeLoginApp\\controllers\\stripe.controller.js": {"path":"E:\\coding\\FinlandMOOCFullStack\\notes\\combinedStripeLoginApp\\controllers\\stripe.controller.js","statementMap":{"0":{"start":{"line":1,"column":22},"end":{"line":1,"column":59}},"1":{"start":{"line":2,"column":23},"end":{"line":2,"column":57}},"2":{"start":{"line":3,"column":23},"end":{"line":3,"column":57}},"3":{"start":{"line":4,"column":15},"end":{"line":4,"column":41}},"4":{"start":{"line":6,"column":30},"end":{"line":20,"column":1}},"5":{"start":{"line":7,"column":19},"end":{"line":7,"column":38}},"6":{"start":{"line":9,"column":26},"end":{"line":9,"column":50}},"7":{"start":{"line":12,"column":2},"end":{"line":19,"column":3}},"8":{"start":{"line":14,"column":20},"end":{"line":14,"column":88}},"9":{"start":{"line":15,"column":4},"end":{"line":15,"column":22}},"10":{"start":{"line":17,"column":4},"end":{"line":17,"column":69}},"11":{"start":{"line":18,"column":4},"end":{"line":18,"column":51}},"12":{"start":{"line":25,"column":22},"end":{"line":89,"column":1}},"13":{"start":{"line":26,"column":2},"end":{"line":88,"column":3}},"14":{"start":{"line":28,"column":22},"end":{"line":28,"column":42}},"15":{"start":{"line":29,"column":4},"end":{"line":31,"column":5}},"16":{"start":{"line":30,"column":6},"end":{"line":30,"column":57}},"17":{"start":{"line":34,"column":32},"end":{"line":34,"column":79}},"18":{"start":{"line":35,"column":4},"end":{"line":37,"column":5}},"19":{"start":{"line":36,"column":6},"end":{"line":36,"column":67}},"20":{"start":{"line":40,"column":20},"end":{"line":40,"column":66}},"21":{"start":{"line":42,"column":17},"end":{"line":42,"column":38}},"22":{"start":{"line":43,"column":20},"end":{"line":43,"column":44}},"23":{"start":{"line":44,"column":19},"end":{"line":44,"column":41}},"24":{"start":{"line":46,"column":4},"end":{"line":48,"column":5}},"25":{"start":{"line":47,"column":6},"end":{"line":47,"column":57}},"26":{"start":{"line":51,"column":24},"end":{"line":51,"column":50}},"27":{"start":{"line":53,"column":4},"end":{"line":53,"column":73}},"28":{"start":{"line":56,"column":22},"end":{"line":56,"column":72}},"29":{"start":{"line":58,"column":4},"end":{"line":60,"column":5}},"30":{"start":{"line":59,"column":6},"end":{"line":59,"column":60}},"31":{"start":{"line":62,"column":4},"end":{"line":66,"column":5}},"32":{"start":{"line":63,"column":6},"end":{"line":63,"column":64}},"33":{"start":{"line":65,"column":6},"end":{"line":65,"column":107}},"34":{"start":{"line":69,"column":27},"end":{"line":73,"column":6}},"35":{"start":{"line":74,"column":4},"end":{"line":74,"column":54}},"36":{"start":{"line":77,"column":4},"end":{"line":80,"column":6}},"37":{"start":{"line":81,"column":4},"end":{"line":81,"column":93}},"38":{"start":{"line":84,"column":4},"end":{"line":84,"column":71}},"39":{"start":{"line":86,"column":4},"end":{"line":86,"column":68}},"40":{"start":{"line":87,"column":4},"end":{"line":87,"column":57}},"41":{"start":{"line":91,"column":21},"end":{"line":93,"column":1}},"42":{"start":{"line":92,"column":2},"end":{"line":92,"column":42}},"43":{"start":{"line":95,"column":0},"end":{"line":99,"column":2}}},"fnMap":{"0":{"name":"(anonymous_0)","decl":{"start":{"line":6,"column":30},"end":{"line":6,"column":31}},"loc":{"start":{"line":6,"column":50},"end":{"line":20,"column":1}},"line":6},"1":{"name":"(anonymous_1)","decl":{"start":{"line":25,"column":22},"end":{"line":25,"column":23}},"loc":{"start":{"line":25,"column":42},"end":{"line":89,"column":1}},"line":25},"2":{"name":"(anonymous_2)","decl":{"start":{"line":91,"column":21},"end":{"line":91,"column":22}},"loc":{"start":{"line":91,"column":35},"end":{"line":93,"column":1}},"line":91}},"branchMap":{"0":{"loc":{"start":{"line":29,"column":4},"end":{"line":31,"column":5}},"type":"if","locations":[{"start":{"line":29,"column":4},"end":{"line":31,"column":5}},{"start":{},"end":{}}],"line":29},"1":{"loc":{"start":{"line":35,"column":4},"end":{"line":37,"column":5}},"type":"if","locations":[{"start":{"line":35,"column":4},"end":{"line":37,"column":5}},{"start":{},"end":{}}],"line":35},"2":{"loc":{"start":{"line":46,"column":4},"end":{"line":48,"column":5}},"type":"if","locations":[{"start":{"line":46,"column":4},"end":{"line":48,"column":5}},{"start":{},"end":{}}],"line":46},"3":{"loc":{"start":{"line":58,"column":4},"end":{"line":60,"column":5}},"type":"if","locations":[{"start":{"line":58,"column":4},"end":{"line":60,"column":5}},{"start":{},"end":{}}],"line":58},"4":{"loc":{"start":{"line":62,"column":4},"end":{"line":66,"column":5}},"type":"if","locations":[{"start":{"line":62,"column":4},"end":{"line":66,"column":5}},{"start":{},"end":{}}],"line":62}},"s":{"0":5,"1":5,"2":5,"3":5,"4":5,"5":1,"6":1,"7":1,"8":1,"9":1,"10":0,"11":0,"12":5,"13":0,"14":0,"15":0,"16":0,"17":0,"18":0,"19":0,"20":0,"21":0,"22":0,"23":0,"24":0,"25":0,"26":0,"27":0,"28":0,"29":0,"30":0,"31":0,"32":0,"33":0,"34":0,"35":0,"36":0,"37":0,"38":0,"39":0,"40":0,"41":5,"42":0,"43":5},"f":{"0":1,"1":0,"2":0},"b":{"0":[0,0],"1":[0,0],"2":[0,0],"3":[0,0],"4":[0,0]},"_coverageSchema":"1a1c01bbd47fc00a2c39e90264f33305004495a9","hash":"fb4af9b9d9319ec8f2a03a8318c52d437154afe0"}
,"E:\\coding\\FinlandMOOCFullStack\\notes\\combinedStripeLoginApp\\controllers\\transactionController.js": {"path":"E:\\coding\\FinlandMOOCFullStack\\notes\\combinedStripeLoginApp\\controllers\\transactionController.js","statementMap":{"0":{"start":{"line":1,"column":15},"end":{"line":1,"column":32}},"1":{"start":{"line":2,"column":15},"end":{"line":2,"column":41}},"2":{"start":{"line":3,"column":20},"end":{"line":3,"column":59}},"3":{"start":{"line":4,"column":23},"end":{"line":4,"column":57}},"4":{"start":{"line":5,"column":23},"end":{"line":5,"column":57}},"5":{"start":{"line":6,"column":14},"end":{"line":6,"column":30}},"6":{"start":{"line":9,"column":0},"end":{"line":9,"column":64}},"7":{"start":{"line":11,"column":0},"end":{"line":28,"column":1}},"8":{"start":{"line":12,"column":2},"end":{"line":27,"column":3}},"9":{"start":{"line":15,"column":4},"end":{"line":18,"column":5}},"10":{"start":{"line":16,"column":6},"end":{"line":16,"column":60}},"11":{"start":{"line":17,"column":6},"end":{"line":17,"column":81}},"12":{"start":{"line":20,"column":25},"end":{"line":20,"column":67}},"13":{"start":{"line":21,"column":4},"end":{"line":21,"column":75}},"14":{"start":{"line":22,"column":4},"end":{"line":22,"column":63}},"15":{"start":{"line":24,"column":4},"end":{"line":24,"column":25}},"16":{"start":{"line":25,"column":4},"end":{"line":25,"column":56}},"17":{"start":{"line":26,"column":4},"end":{"line":26,"column":76}},"18":{"start":{"line":30,"column":0},"end":{"line":50,"column":1}},"19":{"start":{"line":32,"column":2},"end":{"line":49,"column":3}},"20":{"start":{"line":34,"column":4},"end":{"line":37,"column":5}},"21":{"start":{"line":35,"column":6},"end":{"line":35,"column":68}},"22":{"start":{"line":36,"column":6},"end":{"line":36,"column":81}},"23":{"start":{"line":39,"column":24},"end":{"line":39,"column":79}},"24":{"start":{"line":40,"column":4},"end":{"line":40,"column":82}},"25":{"start":{"line":41,"column":4},"end":{"line":44,"column":6}},"26":{"start":{"line":47,"column":4},"end":{"line":47,"column":64}},"27":{"start":{"line":48,"column":4},"end":{"line":48,"column":31}},"28":{"start":{"line":52,"column":0},"end":{"line":73,"column":1}},"29":{"start":{"line":53,"column":13},"end":{"line":53,"column":21}},"30":{"start":{"line":54,"column":17},"end":{"line":54,"column":28}},"31":{"start":{"line":55,"column":20},"end":{"line":55,"column":34}},"32":{"start":{"line":56,"column":22},"end":{"line":56,"column":38}},"33":{"start":{"line":58,"column":2},"end":{"line":72,"column":3}},"34":{"start":{"line":59,"column":27},"end":{"line":63,"column":6}},"35":{"start":{"line":65,"column":4},"end":{"line":65,"column":68}},"36":{"start":{"line":66,"column":4},"end":{"line":66,"column":86}},"37":{"start":{"line":68,"column":4},"end":{"line":68,"column":40}},"38":{"start":{"line":70,"column":4},"end":{"line":70,"column":65}},"39":{"start":{"line":71,"column":4},"end":{"line":71,"column":48}},"40":{"start":{"line":76,"column":0},"end":{"line":114,"column":1}},"41":{"start":{"line":77,"column":24},"end":{"line":77,"column":37}},"42":{"start":{"line":78,"column":2},"end":{"line":84,"column":3}},"43":{"start":{"line":79,"column":4},"end":{"line":79,"column":61}},"44":{"start":{"line":80,"column":4},"end":{"line":83,"column":6}},"45":{"start":{"line":86,"column":2},"end":{"line":113,"column":3}},"46":{"start":{"line":87,"column":24},"end":{"line":87,"column":79}},"47":{"start":{"line":89,"column":4},"end":{"line":95,"column":5}},"48":{"start":{"line":90,"column":6},"end":{"line":90,"column":70}},"49":{"start":{"line":91,"column":6},"end":{"line":94,"column":9}},"50":{"start":{"line":97,"column":24},"end":{"line":99,"column":5}},"51":{"start":{"line":101,"column":31},"end":{"line":101,"column":101}},"52":{"start":{"line":104,"column":4},"end":{"line":104,"column":65}},"53":{"start":{"line":105,"column":4},"end":{"line":105,"column":107}},"54":{"start":{"line":106,"column":4},"end":{"line":106,"column":67}},"55":{"start":{"line":108,"column":4},"end":{"line":108,"column":83}},"56":{"start":{"line":109,"column":4},"end":{"line":112,"column":6}},"57":{"start":{"line":116,"column":0},"end":{"line":149,"column":1}},"58":{"start":{"line":117,"column":24},"end":{"line":117,"column":37}},"59":{"start":{"line":118,"column":2},"end":{"line":124,"column":3}},"60":{"start":{"line":119,"column":4},"end":{"line":119,"column":56}},"61":{"start":{"line":120,"column":4},"end":{"line":123,"column":6}},"62":{"start":{"line":126,"column":2},"end":{"line":148,"column":3}},"63":{"start":{"line":127,"column":30},"end":{"line":127,"column":87}},"64":{"start":{"line":129,"column":4},"end":{"line":141,"column":5}},"65":{"start":{"line":130,"column":6},"end":{"line":130,"column":83}},"66":{"start":{"line":131,"column":6},"end":{"line":134,"column":8}},"67":{"start":{"line":136,"column":6},"end":{"line":136,"column":68}},"68":{"start":{"line":137,"column":6},"end":{"line":140,"column":8}},"69":{"start":{"line":143,"column":4},"end":{"line":143,"column":66}},"70":{"start":{"line":144,"column":4},"end":{"line":147,"column":6}}},"fnMap":{"0":{"name":"(anonymous_0)","decl":{"start":{"line":11,"column":18},"end":{"line":11,"column":19}},"loc":{"start":{"line":11,"column":37},"end":{"line":28,"column":1}},"line":11},"1":{"name":"(anonymous_1)","decl":{"start":{"line":30,"column":26},"end":{"line":30,"column":27}},"loc":{"start":{"line":30,"column":45},"end":{"line":50,"column":1}},"line":30},"2":{"name":"(anonymous_2)","decl":{"start":{"line":52,"column":17},"end":{"line":52,"column":18}},"loc":{"start":{"line":52,"column":36},"end":{"line":73,"column":1}},"line":52},"3":{"name":"(anonymous_3)","decl":{"start":{"line":76,"column":26},"end":{"line":76,"column":27}},"loc":{"start":{"line":76,"column":45},"end":{"line":114,"column":1}},"line":76},"4":{"name":"(anonymous_4)","decl":{"start":{"line":116,"column":21},"end":{"line":116,"column":22}},"loc":{"start":{"line":116,"column":41},"end":{"line":149,"column":1}},"line":116}},"branchMap":{"0":{"loc":{"start":{"line":9,"column":14},"end":{"line":9,"column":64}},"type":"binary-expr","locations":[{"start":{"line":9,"column":14},"end":{"line":9,"column":37}},{"start":{"line":9,"column":41},"end":{"line":9,"column":64}}],"line":9},"1":{"loc":{"start":{"line":15,"column":4},"end":{"line":18,"column":5}},"type":"if","locations":[{"start":{"line":15,"column":4},"end":{"line":18,"column":5}},{"start":{},"end":{}}],"line":15},"2":{"loc":{"start":{"line":34,"column":4},"end":{"line":37,"column":5}},"type":"if","locations":[{"start":{"line":34,"column":4},"end":{"line":37,"column":5}},{"start":{},"end":{}}],"line":34},"3":{"loc":{"start":{"line":78,"column":2},"end":{"line":84,"column":3}},"type":"if","locations":[{"start":{"line":78,"column":2},"end":{"line":84,"column":3}},{"start":{},"end":{}}],"line":78},"4":{"loc":{"start":{"line":89,"column":4},"end":{"line":95,"column":5}},"type":"if","locations":[{"start":{"line":89,"column":4},"end":{"line":95,"column":5}},{"start":{},"end":{}}],"line":89},"5":{"loc":{"start":{"line":118,"column":2},"end":{"line":124,"column":3}},"type":"if","locations":[{"start":{"line":118,"column":2},"end":{"line":124,"column":3}},{"start":{},"end":{}}],"line":118},"6":{"loc":{"start":{"line":129,"column":4},"end":{"line":141,"column":5}},"type":"if","locations":[{"start":{"line":129,"column":4},"end":{"line":141,"column":5}},{"start":{"line":135,"column":11},"end":{"line":141,"column":5}}],"line":129}},"s":{"0":5,"1":5,"2":5,"3":5,"4":5,"5":5,"6":5,"7":5,"8":1,"9":1,"10":0,"11":0,"12":1,"13":1,"14":1,"15":0,"16":0,"17":0,"18":5,"19":1,"20":1,"21":0,"22":0,"23":1,"24":1,"25":1,"26":0,"27":0,"28":5,"29":3,"30":3,"31":3,"32":3,"33":3,"34":3,"35":2,"36":2,"37":2,"38":1,"39":1,"40":5,"41":1,"42":1,"43":0,"44":0,"45":1,"46":1,"47":1,"48":1,"49":1,"50":0,"51":0,"52":0,"53":0,"54":0,"55":0,"56":0,"57":5,"58":2,"59":2,"60":0,"61":0,"62":2,"63":2,"64":2,"65":1,"66":1,"67":1,"68":1,"69":0,"70":0},"f":{"0":1,"1":1,"2":3,"3":1,"4":2},"b":{"0":[5,2],"1":[0,1],"2":[0,1],"3":[0,1],"4":[1,0],"5":[0,2],"6":[1,1]},"_coverageSchema":"1a1c01bbd47fc00a2c39e90264f33305004495a9","hash":"3a45d63c577c0ca6f9a2e5a927e3627598860b51"}
,"E:\\coding\\FinlandMOOCFullStack\\notes\\combinedStripeLoginApp\\daos\\admin.dao.js": {"path":"E:\\coding\\FinlandMOOCFullStack\\notes\\combinedStripeLoginApp\\daos\\admin.dao.js","statementMap":{"0":{"start":{"line":1,"column":14},"end":{"line":1,"column":48}},"1":{"start":{"line":3,"column":22},"end":{"line":5,"column":1}},"2":{"start":{"line":4,"column":2},"end":{"line":4,"column":28}},"3":{"start":{"line":7,"column":28},"end":{"line":9,"column":1}},"4":{"start":{"line":8,"column":2},"end":{"line":8,"column":43}},"5":{"start":{"line":11,"column":25},"end":{"line":13,"column":1}},"6":{"start":{"line":12,"column":2},"end":{"line":12,"column":40}},"7":{"start":{"line":15,"column":20},"end":{"line":18,"column":1}},"8":{"start":{"line":16,"column":16},"end":{"line":16,"column":36}},"9":{"start":{"line":17,"column":2},"end":{"line":17,"column":28}},"10":{"start":{"line":20,"column":24},"end":{"line":22,"column":1}},"11":{"start":{"line":21,"column":2},"end":{"line":21,"column":47}},"12":{"start":{"line":24,"column":0},"end":{"line":30,"column":2}}},"fnMap":{"0":{"name":"(anonymous_0)","decl":{"start":{"line":3,"column":22},"end":{"line":3,"column":23}},"loc":{"start":{"line":3,"column":34},"end":{"line":5,"column":1}},"line":3},"1":{"name":"(anonymous_1)","decl":{"start":{"line":7,"column":28},"end":{"line":7,"column":29}},"loc":{"start":{"line":7,"column":48},"end":{"line":9,"column":1}},"line":7},"2":{"name":"(anonymous_2)","decl":{"start":{"line":11,"column":25},"end":{"line":11,"column":26}},"loc":{"start":{"line":11,"column":42},"end":{"line":13,"column":1}},"line":11},"3":{"name":"(anonymous_3)","decl":{"start":{"line":15,"column":20},"end":{"line":15,"column":21}},"loc":{"start":{"line":15,"column":41},"end":{"line":18,"column":1}},"line":15},"4":{"name":"(anonymous_4)","decl":{"start":{"line":20,"column":24},"end":{"line":20,"column":25}},"loc":{"start":{"line":20,"column":43},"end":{"line":22,"column":1}},"line":20}},"branchMap":{},"s":{"0":5,"1":5,"2":1,"3":5,"4":6,"5":5,"6":0,"7":5,"8":3,"9":3,"10":5,"11":1,"12":5},"f":{"0":1,"1":6,"2":0,"3":3,"4":1},"b":{},"_coverageSchema":"1a1c01bbd47fc00a2c39e90264f33305004495a9","hash":"67bcc710dcfb1c651f8646d9fa99517b30812c6e"}
,"E:\\coding\\FinlandMOOCFullStack\\notes\\combinedStripeLoginApp\\daos\\participant.dao.js": {"path":"E:\\coding\\FinlandMOOCFullStack\\notes\\combinedStripeLoginApp\\daos\\participant.dao.js","statementMap":{"0":{"start":{"line":1,"column":20},"end":{"line":1,"column":59}},"1":{"start":{"line":3,"column":28},"end":{"line":5,"column":1}},"2":{"start":{"line":4,"column":2},"end":{"line":4,"column":59}},"3":{"start":{"line":7,"column":31},"end":{"line":9,"column":1}},"4":{"start":{"line":8,"column":2},"end":{"line":8,"column":71}},"5":{"start":{"line":11,"column":26},"end":{"line":14,"column":1}},"6":{"start":{"line":12,"column":22},"end":{"line":12,"column":54}},"7":{"start":{"line":13,"column":2},"end":{"line":13,"column":34}},"8":{"start":{"line":16,"column":30},"end":{"line":18,"column":1}},"9":{"start":{"line":17,"column":2},"end":{"line":17,"column":60}},"10":{"start":{"line":20,"column":36},"end":{"line":26,"column":1}},"11":{"start":{"line":21,"column":2},"end":{"line":25,"column":4}},"12":{"start":{"line":28,"column":0},"end":{"line":34,"column":2}}},"fnMap":{"0":{"name":"(anonymous_0)","decl":{"start":{"line":3,"column":28},"end":{"line":3,"column":29}},"loc":{"start":{"line":3,"column":40},"end":{"line":5,"column":1}},"line":3},"1":{"name":"(anonymous_1)","decl":{"start":{"line":7,"column":31},"end":{"line":7,"column":32}},"loc":{"start":{"line":7,"column":48},"end":{"line":9,"column":1}},"line":7},"2":{"name":"(anonymous_2)","decl":{"start":{"line":11,"column":26},"end":{"line":11,"column":27}},"loc":{"start":{"line":11,"column":53},"end":{"line":14,"column":1}},"line":11},"3":{"name":"(anonymous_3)","decl":{"start":{"line":16,"column":30},"end":{"line":16,"column":31}},"loc":{"start":{"line":16,"column":55},"end":{"line":18,"column":1}},"line":16},"4":{"name":"(anonymous_4)","decl":{"start":{"line":20,"column":36},"end":{"line":20,"column":37}},"loc":{"start":{"line":20,"column":76},"end":{"line":26,"column":1}},"line":20}},"branchMap":{},"s":{"0":5,"1":5,"2":1,"3":5,"4":0,"5":5,"6":4,"7":4,"8":5,"9":3,"10":5,"11":2,"12":5},"f":{"0":1,"1":0,"2":4,"3":3,"4":2},"b":{},"_coverageSchema":"1a1c01bbd47fc00a2c39e90264f33305004495a9","hash":"8551d97ac8626955939c216536a211cde2d27fb3"}
,"E:\\coding\\FinlandMOOCFullStack\\notes\\combinedStripeLoginApp\\daos\\transaction.dao.js": {"path":"E:\\coding\\FinlandMOOCFullStack\\notes\\combinedStripeLoginApp\\daos\\transaction.dao.js","statementMap":{"0":{"start":{"line":1,"column":20},"end":{"line":1,"column":59}},"1":{"start":{"line":2,"column":20},"end":{"line":2,"column":59}},"2":{"start":{"line":5,"column":28},"end":{"line":7,"column":1}},"3":{"start":{"line":6,"column":2},"end":{"line":6,"column":58}},"4":{"start":{"line":10,"column":28},"end":{"line":12,"column":1}},"5":{"start":{"line":11,"column":2},"end":{"line":11,"column":75}},"6":{"start":{"line":15,"column":26},"end":{"line":18,"column":1}},"7":{"start":{"line":16,"column":22},"end":{"line":16,"column":54}},"8":{"start":{"line":17,"column":2},"end":{"line":17,"column":34}},"9":{"start":{"line":21,"column":30},"end":{"line":23,"column":1}},"10":{"start":{"line":22,"column":2},"end":{"line":22,"column":60}},"11":{"start":{"line":26,"column":30},"end":{"line":32,"column":1}},"12":{"start":{"line":27,"column":2},"end":{"line":31,"column":4}},"13":{"start":{"line":34,"column":36},"end":{"line":36,"column":1}},"14":{"start":{"line":35,"column":2},"end":{"line":35,"column":84}},"15":{"start":{"line":38,"column":36},"end":{"line":44,"column":1}},"16":{"start":{"line":39,"column":2},"end":{"line":43,"column":4}},"17":{"start":{"line":46,"column":24},"end":{"line":48,"column":1}},"18":{"start":{"line":47,"column":2},"end":{"line":47,"column":50}},"19":{"start":{"line":50,"column":0},"end":{"line":58,"column":2}}},"fnMap":{"0":{"name":"(anonymous_0)","decl":{"start":{"line":5,"column":28},"end":{"line":5,"column":29}},"loc":{"start":{"line":5,"column":40},"end":{"line":7,"column":1}},"line":5},"1":{"name":"(anonymous_1)","decl":{"start":{"line":10,"column":28},"end":{"line":10,"column":29}},"loc":{"start":{"line":10,"column":53},"end":{"line":12,"column":1}},"line":10},"2":{"name":"(anonymous_2)","decl":{"start":{"line":15,"column":26},"end":{"line":15,"column":27}},"loc":{"start":{"line":15,"column":53},"end":{"line":18,"column":1}},"line":15},"3":{"name":"(anonymous_3)","decl":{"start":{"line":21,"column":30},"end":{"line":21,"column":31}},"loc":{"start":{"line":21,"column":55},"end":{"line":23,"column":1}},"line":21},"4":{"name":"(anonymous_4)","decl":{"start":{"line":26,"column":30},"end":{"line":26,"column":31}},"loc":{"start":{"line":26,"column":68},"end":{"line":32,"column":1}},"line":26},"5":{"name":"(anonymous_5)","decl":{"start":{"line":34,"column":36},"end":{"line":34,"column":37}},"loc":{"start":{"line":34,"column":59},"end":{"line":36,"column":1}},"line":34},"6":{"name":"(anonymous_6)","decl":{"start":{"line":38,"column":36},"end":{"line":38,"column":37}},"loc":{"start":{"line":38,"column":76},"end":{"line":44,"column":1}},"line":38},"7":{"name":"(anonymous_7)","decl":{"start":{"line":46,"column":24},"end":{"line":46,"column":25}},"loc":{"start":{"line":46,"column":45},"end":{"line":48,"column":1}},"line":46}},"branchMap":{},"s":{"0":5,"1":5,"2":5,"3":1,"4":5,"5":1,"6":5,"7":3,"8":3,"9":5,"10":2,"11":5,"12":0,"13":5,"14":1,"15":5,"16":0,"17":5,"18":0,"19":5},"f":{"0":1,"1":1,"2":3,"3":2,"4":0,"5":1,"6":0,"7":0},"b":{},"_coverageSchema":"1a1c01bbd47fc00a2c39e90264f33305004495a9","hash":"ea1aed0f572fb2e80b9e36052d5b47a162346d23"}
,"E:\\coding\\FinlandMOOCFullStack\\notes\\combinedStripeLoginApp\\middlewares\\verification.middleware.js": {"path":"E:\\coding\\FinlandMOOCFullStack\\notes\\combinedStripeLoginApp\\middlewares\\verification.middleware.js","statementMap":{"0":{"start":{"line":3,"column":20},"end":{"line":3,"column":55}},"1":{"start":{"line":9,"column":20},"end":{"line":23,"column":1}},"2":{"start":{"line":10,"column":16},"end":{"line":10,"column":45}},"3":{"start":{"line":11,"column":29},"end":{"line":11,"column":65}},"4":{"start":{"line":13,"column":2},"end":{"line":19,"column":3}},"5":{"start":{"line":14,"column":4},"end":{"line":14,"column":68}},"6":{"start":{"line":15,"column":4},"end":{"line":18,"column":7}},"7":{"start":{"line":21,"column":2},"end":{"line":21,"column":37}},"8":{"start":{"line":22,"column":2},"end":{"line":22,"column":9}},"9":{"start":{"line":29,"column":18},"end":{"line":43,"column":1}},"10":{"start":{"line":30,"column":2},"end":{"line":42,"column":4}},"11":{"start":{"line":31,"column":17},"end":{"line":31,"column":25}},"12":{"start":{"line":33,"column":4},"end":{"line":39,"column":5}},"13":{"start":{"line":34,"column":6},"end":{"line":34,"column":78}},"14":{"start":{"line":35,"column":6},"end":{"line":38,"column":9}},"15":{"start":{"line":41,"column":4},"end":{"line":41,"column":11}},"16":{"start":{"line":45,"column":0},"end":{"line":48,"column":2}}},"fnMap":{"0":{"name":"(anonymous_0)","decl":{"start":{"line":9,"column":20},"end":{"line":9,"column":21}},"loc":{"start":{"line":9,"column":40},"end":{"line":23,"column":1}},"line":9},"1":{"name":"(anonymous_1)","decl":{"start":{"line":29,"column":18},"end":{"line":29,"column":19}},"loc":{"start":{"line":29,"column":36},"end":{"line":43,"column":1}},"line":29},"2":{"name":"(anonymous_2)","decl":{"start":{"line":30,"column":9},"end":{"line":30,"column":10}},"loc":{"start":{"line":30,"column":29},"end":{"line":42,"column":3}},"line":30}},"branchMap":{"0":{"loc":{"start":{"line":13,"column":2},"end":{"line":19,"column":3}},"type":"if","locations":[{"start":{"line":13,"column":2},"end":{"line":19,"column":3}},{"start":{},"end":{}}],"line":13},"1":{"loc":{"start":{"line":33,"column":4},"end":{"line":39,"column":5}},"type":"if","locations":[{"start":{"line":33,"column":4},"end":{"line":39,"column":5}},{"start":{},"end":{}}],"line":33},"2":{"loc":{"start":{"line":33,"column":8},"end":{"line":33,"column":51}},"type":"binary-expr","locations":[{"start":{"line":33,"column":8},"end":{"line":33,"column":13}},{"start":{"line":33,"column":17},"end":{"line":33,"column":51}}],"line":33},"3":{"loc":{"start":{"line":34,"column":47},"end":{"line":34,"column":74}},"type":"binary-expr","locations":[{"start":{"line":34,"column":47},"end":{"line":34,"column":61}},{"start":{"line":34,"column":65},"end":{"line":34,"column":74}}],"line":34}},"s":{"0":5,"1":5,"2":15,"3":15,"4":15,"5":4,"6":4,"7":11,"8":11,"9":5,"10":40,"11":11,"12":11,"13":0,"14":0,"15":11,"16":5},"f":{"0":15,"1":40,"2":11},"b":{"0":[4,11],"1":[0,11],"2":[11,11],"3":[0,0]},"_coverageSchema":"1a1c01bbd47fc00a2c39e90264f33305004495a9","hash":"192a4455f314486675db1a8a21166ab9fa859e7d"}
,"E:\\coding\\FinlandMOOCFullStack\\notes\\combinedStripeLoginApp\\models\\admins.models.js": {"path":"E:\\coding\\FinlandMOOCFullStack\\notes\\combinedStripeLoginApp\\models\\admins.models.js","statementMap":{"0":{"start":{"line":1,"column":17},"end":{"line":1,"column":36}},"1":{"start":{"line":2,"column":15},"end":{"line":2,"column":30}},"2":{"start":{"line":3,"column":20},"end":{"line":30,"column":2}},"3":{"start":{"line":31,"column":0},"end":{"line":31,"column":53}}},"fnMap":{},"branchMap":{},"s":{"0":5,"1":5,"2":5,"3":5},"f":{},"b":{},"_coverageSchema":"1a1c01bbd47fc00a2c39e90264f33305004495a9","hash":"0c9496392de56505ba49b52445d8b47186f5f028"}
,"E:\\coding\\FinlandMOOCFullStack\\notes\\combinedStripeLoginApp\\models\\participant.models.js": {"path":"E:\\coding\\FinlandMOOCFullStack\\notes\\combinedStripeLoginApp\\models\\participant.models.js","statementMap":{"0":{"start":{"line":1,"column":17},"end":{"line":1,"column":36}},"1":{"start":{"line":2,"column":21},"end":{"line":2,"column":52}},"2":{"start":{"line":4,"column":15},"end":{"line":4,"column":30}},"3":{"start":{"line":5,"column":26},"end":{"line":27,"column":2}},"4":{"start":{"line":28,"column":0},"end":{"line":28,"column":65}}},"fnMap":{},"branchMap":{},"s":{"0":5,"1":5,"2":5,"3":5,"4":5},"f":{},"b":{},"_coverageSchema":"1a1c01bbd47fc00a2c39e90264f33305004495a9","hash":"f1191a2605be628cf1dd337a6593a9eb9d6ff9f5"}
,"E:\\coding\\FinlandMOOCFullStack\\notes\\combinedStripeLoginApp\\models\\transaction.models.js": {"path":"E:\\coding\\FinlandMOOCFullStack\\notes\\combinedStripeLoginApp\\models\\transaction.models.js","statementMap":{"0":{"start":{"line":1,"column":17},"end":{"line":1,"column":36}},"1":{"start":{"line":3,"column":15},"end":{"line":3,"column":30}},"2":{"start":{"line":4,"column":26},"end":{"line":22,"column":2}},"3":{"start":{"line":23,"column":0},"end":{"line":23,"column":65}}},"fnMap":{},"branchMap":{},"s":{"0":5,"1":5,"2":5,"3":5},"f":{},"b":{},"_coverageSchema":"1a1c01bbd47fc00a2c39e90264f33305004495a9","hash":"176b332912a996aacda8a602285e0dcef51a64ed"}
,"E:\\coding\\FinlandMOOCFullStack\\notes\\combinedStripeLoginApp\\routes\\admin.routes.js": {"path":"E:\\coding\\FinlandMOOCFullStack\\notes\\combinedStripeLoginApp\\routes\\admin.routes.js","statementMap":{"0":{"start":{"line":1,"column":16},"end":{"line":1,"column":34}},"1":{"start":{"line":2,"column":15},"end":{"line":2,"column":31}},"2":{"start":{"line":3,"column":24},"end":{"line":3,"column":66}},"3":{"start":{"line":4,"column":35},"end":{"line":4,"column":84}},"4":{"start":{"line":31,"column":0},"end":{"line":31,"column":74}},"5":{"start":{"line":66,"column":0},"end":{"line":66,"column":40}},"6":{"start":{"line":90,"column":0},"end":{"line":90,"column":82}},"7":{"start":{"line":94,"column":0},"end":{"line":94,"column":23}}},"fnMap":{},"branchMap":{},"s":{"0":5,"1":5,"2":5,"3":5,"4":5,"5":5,"6":5,"7":5},"f":{},"b":{},"_coverageSchema":"1a1c01bbd47fc00a2c39e90264f33305004495a9","hash":"7c7bf53f4e06b3e53cdbe5d78426c913c5efdd3c"}
,"E:\\coding\\FinlandMOOCFullStack\\notes\\combinedStripeLoginApp\\routes\\auth.routes.js": {"path":"E:\\coding\\FinlandMOOCFullStack\\notes\\combinedStripeLoginApp\\routes\\auth.routes.js","statementMap":{"0":{"start":{"line":1,"column":16},"end":{"line":1,"column":34}},"1":{"start":{"line":2,"column":15},"end":{"line":2,"column":31}},"2":{"start":{"line":3,"column":23},"end":{"line":3,"column":64}},"3":{"start":{"line":54,"column":0},"end":{"line":54,"column":38}},"4":{"start":{"line":68,"column":0},"end":{"line":68,"column":58}},"5":{"start":{"line":70,"column":0},"end":{"line":70,"column":23}}},"fnMap":{},"branchMap":{},"s":{"0":5,"1":5,"2":5,"3":5,"4":5,"5":5},"f":{},"b":{},"_coverageSchema":"1a1c01bbd47fc00a2c39e90264f33305004495a9","hash":"b0fd90d84194db6b96caee45fac13e47bbeecb29"}
,"E:\\coding\\FinlandMOOCFullStack\\notes\\combinedStripeLoginApp\\routes\\email.routes.js": {"path":"E:\\coding\\FinlandMOOCFullStack\\notes\\combinedStripeLoginApp\\routes\\email.routes.js","statementMap":{"0":{"start":{"line":1,"column":16},"end":{"line":1,"column":34}},"1":{"start":{"line":2,"column":15},"end":{"line":2,"column":31}},"2":{"start":{"line":3,"column":24},"end":{"line":3,"column":66}},"3":{"start":{"line":44,"column":0},"end":{"line":44,"column":62}},"4":{"start":{"line":46,"column":0},"end":{"line":46,"column":24}}},"fnMap":{},"branchMap":{},"s":{"0":5,"1":5,"2":5,"3":5,"4":5},"f":{},"b":{},"_coverageSchema":"1a1c01bbd47fc00a2c39e90264f33305004495a9","hash":"f87fe1966e20ab325a4b9d0498c07b54ed22fd40"}
,"E:\\coding\\FinlandMOOCFullStack\\notes\\combinedStripeLoginApp\\routes\\participant.routes.js": {"path":"E:\\coding\\FinlandMOOCFullStack\\notes\\combinedStripeLoginApp\\routes\\participant.routes.js","statementMap":{"0":{"start":{"line":1,"column":16},"end":{"line":1,"column":34}},"1":{"start":{"line":2,"column":15},"end":{"line":2,"column":31}},"2":{"start":{"line":3,"column":30},"end":{"line":3,"column":78}},"3":{"start":{"line":4,"column":35},"end":{"line":4,"column":84}},"4":{"start":{"line":29,"column":0},"end":{"line":29,"column":80}},"5":{"start":{"line":64,"column":0},"end":{"line":64,"column":46}},"6":{"start":{"line":91,"column":0},"end":{"line":91,"column":88}},"7":{"start":{"line":93,"column":0},"end":{"line":93,"column":23}}},"fnMap":{},"branchMap":{},"s":{"0":5,"1":5,"2":5,"3":5,"4":5,"5":5,"6":5,"7":5},"f":{},"b":{},"_coverageSchema":"1a1c01bbd47fc00a2c39e90264f33305004495a9","hash":"316157b6426a73de83a4aa8b83278cafafc76f8c"}
,"E:\\coding\\FinlandMOOCFullStack\\notes\\combinedStripeLoginApp\\routes\\stripe.routes.js": {"path":"E:\\coding\\FinlandMOOCFullStack\\notes\\combinedStripeLoginApp\\routes\\stripe.routes.js","statementMap":{"0":{"start":{"line":1,"column":16},"end":{"line":1,"column":34}},"1":{"start":{"line":2,"column":15},"end":{"line":2,"column":31}},"2":{"start":{"line":3,"column":25},"end":{"line":3,"column":68}},"3":{"start":{"line":41,"column":0},"end":{"line":41,"column":75}},"4":{"start":{"line":64,"column":0},"end":{"line":64,"column":55}},"5":{"start":{"line":76,"column":0},"end":{"line":76,"column":53}},"6":{"start":{"line":78,"column":0},"end":{"line":78,"column":24}}},"fnMap":{},"branchMap":{},"s":{"0":5,"1":5,"2":5,"3":5,"4":5,"5":5,"6":5},"f":{},"b":{},"_coverageSchema":"1a1c01bbd47fc00a2c39e90264f33305004495a9","hash":"7943feaae08ed81b233af707fa2a2e2b853093f1"}
,"E:\\coding\\FinlandMOOCFullStack\\notes\\combinedStripeLoginApp\\routes\\transaction.routes.js": {"path":"E:\\coding\\FinlandMOOCFullStack\\notes\\combinedStripeLoginApp\\routes\\transaction.routes.js","statementMap":{"0":{"start":{"line":1,"column":16},"end":{"line":1,"column":34}},"1":{"start":{"line":2,"column":15},"end":{"line":2,"column":31}},"2":{"start":{"line":3,"column":30},"end":{"line":3,"column":77}},"3":{"start":{"line":4,"column":35},"end":{"line":4,"column":84}},"4":{"start":{"line":30,"column":0},"end":{"line":30,"column":79}},"5":{"start":{"line":49,"column":0},"end":{"line":49,"column":98}},"6":{"start":{"line":80,"column":0},"end":{"line":80,"column":47}},"7":{"start":{"line":108,"column":0},"end":{"line":108,"column":88}},"8":{"start":{"line":136,"column":0},"end":{"line":136,"column":97}},"9":{"start":{"line":138,"column":0},"end":{"line":138,"column":24}}},"fnMap":{},"branchMap":{},"s":{"0":5,"1":5,"2":5,"3":5,"4":5,"5":5,"6":5,"7":5,"8":5,"9":5},"f":{},"b":{},"_coverageSchema":"1a1c01bbd47fc00a2c39e90264f33305004495a9","hash":"85e9aa21d3969f07e7c2444ea74f07e276cd77b5"}
,"E:\\coding\\FinlandMOOCFullStack\\notes\\combinedStripeLoginApp\\services\\auth.service.js": {"path":"E:\\coding\\FinlandMOOCFullStack\\notes\\combinedStripeLoginApp\\services\\auth.service.js","statementMap":{"0":{"start":{"line":1,"column":12},"end":{"line":1,"column":35}},"1":{"start":{"line":2,"column":15},"end":{"line":2,"column":32}},"2":{"start":{"line":3,"column":25},"end":{"line":3,"column":55}},"3":{"start":{"line":5,"column":0},"end":{"line":19,"column":1}},"4":{"start":{"line":6,"column":18},"end":{"line":11,"column":3}},"5":{"start":{"line":13,"column":17},"end":{"line":13,"column":35}},"6":{"start":{"line":14,"column":18},"end":{"line":16,"column":3}},"7":{"start":{"line":17,"column":16},"end":{"line":17,"column":50}},"8":{"start":{"line":18,"column":2},"end":{"line":18,"column":14}},"9":{"start":{"line":21,"column":23},"end":{"line":23,"column":1}},"10":{"start":{"line":22,"column":2},"end":{"line":22,"column":55}},"11":{"start":{"line":25,"column":26},"end":{"line":37,"column":1}},"12":{"start":{"line":26,"column":17},"end":{"line":26,"column":35}},"13":{"start":{"line":27,"column":2},"end":{"line":36,"column":3}},"14":{"start":{"line":28,"column":20},"end":{"line":28,"column":45}},"15":{"start":{"line":29,"column":4},"end":{"line":31,"column":5}},"16":{"start":{"line":33,"column":4},"end":{"line":35,"column":5}},"17":{"start":{"line":39,"column":21},"end":{"line":47,"column":1}},"18":{"start":{"line":40,"column":24},"end":{"line":40,"column":48}},"19":{"start":{"line":41,"column":2},"end":{"line":45,"column":3}},"20":{"start":{"line":42,"column":18},"end":{"line":42,"column":54}},"21":{"start":{"line":44,"column":4},"end":{"line":44,"column":16}},"22":{"start":{"line":46,"column":2},"end":{"line":46,"column":13}},"23":{"start":{"line":49,"column":19},"end":{"line":76,"column":1}},"24":{"start":{"line":51,"column":20},"end":{"line":51,"column":48}},"25":{"start":{"line":52,"column":24},"end":{"line":52,"column":56}},"26":{"start":{"line":53,"column":23},"end":{"line":53,"column":47}},"27":{"start":{"line":55,"column":23},"end":{"line":55,"column":79}},"28":{"start":{"line":57,"column":2},"end":{"line":75,"column":3}},"29":{"start":{"line":59,"column":23},"end":{"line":59,"column":56}},"30":{"start":{"line":61,"column":4},"end":{"line":61,"column":39}},"31":{"start":{"line":63,"column":19},"end":{"line":66,"column":6}},"32":{"start":{"line":69,"column":21},"end":{"line":69,"column":46}},"33":{"start":{"line":71,"column":4},"end":{"line":71,"column":36}},"34":{"start":{"line":73,"column":4},"end":{"line":73,"column":57}},"35":{"start":{"line":74,"column":4},"end":{"line":74,"column":57}},"36":{"start":{"line":78,"column":0},"end":{"line":84,"column":1}}},"fnMap":{"0":{"name":"(anonymous_0)","decl":{"start":{"line":5,"column":22},"end":{"line":5,"column":23}},"loc":{"start":{"line":5,"column":32},"end":{"line":19,"column":1}},"line":5},"1":{"name":"(anonymous_1)","decl":{"start":{"line":21,"column":23},"end":{"line":21,"column":24}},"loc":{"start":{"line":21,"column":59},"end":{"line":23,"column":1}},"line":21},"2":{"name":"(anonymous_2)","decl":{"start":{"line":25,"column":26},"end":{"line":25,"column":27}},"loc":{"start":{"line":25,"column":37},"end":{"line":37,"column":1}},"line":25},"3":{"name":"(anonymous_3)","decl":{"start":{"line":39,"column":21},"end":{"line":39,"column":22}},"loc":{"start":{"line":39,"column":30},"end":{"line":47,"column":1}},"line":39},"4":{"name":"(anonymous_4)","decl":{"start":{"line":49,"column":19},"end":{"line":49,"column":20}},"loc":{"start":{"line":49,"column":35},"end":{"line":76,"column":1}},"line":49}},"branchMap":{"0":{"loc":{"start":{"line":41,"column":2},"end":{"line":45,"column":3}},"type":"if","locations":[{"start":{"line":41,"column":2},"end":{"line":45,"column":3}},{"start":{},"end":{}}],"line":41},"1":{"loc":{"start":{"line":41,"column":6},"end":{"line":41,"column":72}},"type":"binary-expr","locations":[{"start":{"line":41,"column":6},"end":{"line":41,"column":19}},{"start":{"line":41,"column":23},"end":{"line":41,"column":72}}],"line":41}},"s":{"0":5,"1":5,"2":5,"3":5,"4":4,"5":4,"6":4,"7":4,"8":4,"9":5,"10":5,"11":5,"12":15,"13":15,"14":15,"15":11,"16":4,"17":5,"18":15,"19":15,"20":12,"21":12,"22":3,"23":5,"24":0,"25":0,"26":0,"27":0,"28":0,"29":0,"30":0,"31":0,"32":0,"33":0,"34":0,"35":0,"36":5},"f":{"0":4,"1":5,"2":15,"3":15,"4":0},"b":{"0":[12,3],"1":[15,12]},"_coverageSchema":"1a1c01bbd47fc00a2c39e90264f33305004495a9","hash":"6c8332af517db3ed0de6de63fdb0b9781a67c21c"}
,"E:\\coding\\FinlandMOOCFullStack\\notes\\combinedStripeLoginApp\\services\\stripe.service.js": {"path":"E:\\coding\\FinlandMOOCFullStack\\notes\\combinedStripeLoginApp\\services\\stripe.service.js","statementMap":{"0":{"start":{"line":1,"column":15},"end":{"line":1,"column":32}},"1":{"start":{"line":2,"column":15},"end":{"line":2,"column":56}},"2":{"start":{"line":3,"column":16},"end":{"line":3,"column":34}},"3":{"start":{"line":5,"column":17},"end":{"line":5,"column":18}},"4":{"start":{"line":8,"column":30},"end":{"line":36,"column":1}},"5":{"start":{"line":9,"column":22},"end":{"line":9,"column":72}},"6":{"start":{"line":10,"column":23},"end":{"line":10,"column":81}},"7":{"start":{"line":13,"column":19},"end":{"line":17,"column":3}},"8":{"start":{"line":18,"column":2},"end":{"line":18,"column":68}},"9":{"start":{"line":20,"column":2},"end":{"line":35,"column":5}},"10":{"start":{"line":38,"column":24},"end":{"line":40,"column":1}},"11":{"start":{"line":39,"column":2},"end":{"line":39,"column":60}},"12":{"start":{"line":42,"column":0},"end":{"line":45,"column":2}}},"fnMap":{"0":{"name":"(anonymous_0)","decl":{"start":{"line":8,"column":30},"end":{"line":8,"column":31}},"loc":{"start":{"line":8,"column":72},"end":{"line":36,"column":1}},"line":8},"1":{"name":"(anonymous_1)","decl":{"start":{"line":38,"column":24},"end":{"line":38,"column":25}},"loc":{"start":{"line":38,"column":45},"end":{"line":40,"column":1}},"line":38}},"branchMap":{"0":{"loc":{"start":{"line":8,"column":47},"end":{"line":8,"column":67}},"type":"default-arg","locations":[{"start":{"line":8,"column":65},"end":{"line":8,"column":67}}],"line":8},"1":{"loc":{"start":{"line":9,"column":22},"end":{"line":9,"column":72}},"type":"binary-expr","locations":[{"start":{"line":9,"column":22},"end":{"line":9,"column":45}},{"start":{"line":9,"column":49},"end":{"line":9,"column":72}}],"line":9},"2":{"loc":{"start":{"line":10,"column":23},"end":{"line":10,"column":81}},"type":"binary-expr","locations":[{"start":{"line":10,"column":23},"end":{"line":10,"column":47}},{"start":{"line":10,"column":51},"end":{"line":10,"column":81}}],"line":10},"3":{"loc":{"start":{"line":14,"column":10},"end":{"line":14,"column":36}},"type":"binary-expr","locations":[{"start":{"line":14,"column":10},"end":{"line":14,"column":30}},{"start":{"line":14,"column":34},"end":{"line":14,"column":36}}],"line":14},"4":{"loc":{"start":{"line":15,"column":13},"end":{"line":15,"column":42}},"type":"binary-expr","locations":[{"start":{"line":15,"column":13},"end":{"line":15,"column":36}},{"start":{"line":15,"column":40},"end":{"line":15,"column":42}}],"line":15}},"s":{"0":5,"1":5,"2":5,"3":5,"4":5,"5":1,"6":1,"7":1,"8":1,"9":1,"10":5,"11":0,"12":5},"f":{"0":1,"1":0},"b":{"0":[0],"1":[1,1],"2":[1,1],"3":[1,0],"4":[1,0]},"_coverageSchema":"1a1c01bbd47fc00a2c39e90264f33305004495a9","hash":"a21f93a1989f51727e5f37bb1829598ae4b798e0"}
,"E:\\coding\\FinlandMOOCFullStack\\notes\\combinedStripeLoginApp\\utils\\logger.js": {"path":"E:\\coding\\FinlandMOOCFullStack\\notes\\combinedStripeLoginApp\\utils\\logger.js","statementMap":{"0":{"start":{"line":1,"column":45},"end":{"line":1,"column":63}},"1":{"start":{"line":2,"column":0},"end":{"line":2,"column":27}},"2":{"start":{"line":4,"column":15},"end":{"line":22,"column":2}},"3":{"start":{"line":24,"column":0},"end":{"line":24,"column":24}}},"fnMap":{},"branchMap":{},"s":{"0":5,"1":5,"2":5,"3":5},"f":{},"b":{},"_coverageSchema":"1a1c01bbd47fc00a2c39e90264f33305004495a9","hash":"2a01d36980f2d950ff0c31ec883578f8dda10bfa"}
}
