TN:
SF:app.js
FN:28,(anonymous_0)
FNF:1
FNH:1
FNDA:39,(anonymous_0)
DA:2,5
DA:3,5
DA:4,5
DA:5,5
DA:6,5
DA:7,5
DA:8,5
DA:9,5
DA:10,5
DA:11,5
DA:15,5
DA:19,5
DA:26,5
DA:28,5
DA:29,39
DA:30,39
DA:31,39
DA:34,5
DA:35,5
DA:36,5
DA:37,5
DA:38,5
DA:39,5
DA:41,5
DA:43,5
DA:53,5
LF:26
LH:26
BRF:0
BRH:0
end_of_record
TN:
SF:swagger.js
FNF:0
FNH:0
DA:1,5
DA:2,5
DA:3,5
DA:4,5
DA:5,5
DA:7,5
DA:39,5
DA:41,5
LF:8
LH:8
BRF:0
BRH:0
end_of_record
TN:
SF:controllers\admin.controller.js
FN:7,(anonymous_0)
FN:25,(anonymous_1)
FN:55,(anonymous_2)
FNF:3
FNH:3
FNDA:1,(anonymous_0)
FNDA:4,(anonymous_1)
FNDA:1,(anonymous_2)
DA:1,5
DA:2,5
DA:4,5
DA:5,5
DA:7,5
DA:8,1
DA:11,1
DA:12,0
DA:13,0
DA:16,1
DA:17,1
DA:18,1
DA:20,0
DA:21,0
DA:25,5
DA:26,4
DA:28,4
DA:29,4
DA:30,4
DA:31,4
DA:32,4
DA:34,4
DA:35,4
DA:37,3
DA:39,3
DA:47,2
DA:48,2
DA:50,1
DA:51,1
DA:55,5
DA:56,1
DA:57,1
DA:58,0
DA:64,1
DA:65,1
DA:67,1
DA:68,0
DA:69,0
DA:74,1
DA:75,1
DA:81,0
DA:82,0
LF:42
LH:33
BRDA:11,0,0,0
BRDA:11,0,1,1
BRDA:57,1,0,0
BRDA:57,1,1,1
BRDA:67,2,0,0
BRDA:67,2,1,1
BRF:6
BRH:3
end_of_record
TN:
SF:controllers\auth.controller.js
FN:11,(anonymous_0)
FN:82,(anonymous_1)
FNF:2
FNH:1
FNDA:8,(anonymous_0)
FNDA:0,(anonymous_1)
DA:3,5
DA:4,5
DA:5,5
DA:6,5
DA:7,5
DA:8,5
DA:10,5
DA:11,5
DA:12,8
DA:14,8
DA:15,8
DA:17,8
DA:18,1
DA:19,1
DA:25,7
DA:26,1
DA:27,1
DA:34,6
DA:36,6
DA:37,1
DA:38,1
DA:45,5
DA:47,5
DA:48,1
DA:49,1
DA:56,4
DA:57,4
DA:60,4
DA:74,0
DA:75,0
DA:82,5
DA:83,0
DA:84,0
DA:85,0
DA:86,0
DA:89,0
DA:90,0
DA:92,0
DA:94,0
DA:95,0
DA:96,0
DA:101,0
DA:106,0
DA:107,0
DA:108,0
DA:111,0
DA:112,0
DA:116,0
DA:117,0
DA:119,0
LF:50
LH:29
BRDA:17,0,0,1
BRDA:17,0,1,7
BRDA:25,1,0,1
BRDA:25,1,1,6
BRDA:36,2,0,1
BRDA:36,2,1,5
BRDA:47,3,0,1
BRDA:47,3,1,4
BRDA:84,4,0,0
BRDA:84,4,1,0
BRDA:94,5,0,0
BRDA:94,5,1,0
BRDA:94,6,0,0
BRDA:94,6,1,0
BRDA:106,7,0,0
BRDA:106,7,1,0
BRF:16
BRH:8
end_of_record
TN:
SF:controllers\email.controller.js
FN:5,(anonymous_0)
FNF:1
FNH:0
FNDA:0,(anonymous_0)
DA:1,5
DA:2,5
DA:3,5
DA:5,5
DA:6,0
DA:7,0
DA:9,0
DA:10,0
DA:11,0
DA:12,0
DA:14,0
DA:24,0
DA:31,0
DA:32,0
DA:33,0
DA:35,0
DA:36,0
LF:17
LH:4
BRF:0
BRH:0
end_of_record
TN:
SF:controllers\participant.controller.js
FN:6,(anonymous_0)
FN:30,(anonymous_1)
FN:55,(anonymous_2)
FNF:3
FNH:3
FNDA:1,(anonymous_0)
FNDA:4,(anonymous_1)
FNDA:3,(anonymous_2)
DA:1,5
DA:2,5
DA:3,5
DA:4,5
DA:6,5
DA:7,1
DA:9,1
DA:10,0
DA:13,1
DA:14,1
DA:15,1
DA:21,0
DA:22,0
DA:23,0
DA:30,5
DA:31,4
DA:33,4
DA:34,4
DA:35,4
DA:36,4
DA:38,4
DA:40,4
DA:47,3
DA:48,3
DA:50,1
DA:51,1
DA:55,5
DA:56,3
DA:57,3
DA:58,0
DA:59,0
DA:65,3
DA:66,3
DA:68,2
DA:69,1
DA:70,1
DA:75,1
DA:76,1
DA:82,1
DA:83,1
LF:40
LH:34
BRDA:9,0,0,0
BRDA:9,0,1,1
BRDA:57,1,0,0
BRDA:57,1,1,3
BRDA:68,2,0,1
BRDA:68,2,1,1
BRF:6
BRH:4
end_of_record
TN:
SF:controllers\stripe.controller.js
FN:6,(anonymous_0)
FN:26,(anonymous_1)
FN:92,(anonymous_2)
FNF:3
FNH:1
FNDA:1,(anonymous_0)
FNDA:0,(anonymous_1)
FNDA:0,(anonymous_2)
DA:1,5
DA:2,5
DA:3,5
DA:4,5
DA:6,5
DA:7,1
DA:9,1
DA:12,1
DA:14,1
DA:15,1
DA:17,0
DA:18,0
DA:26,5
DA:27,0
DA:29,0
DA:30,0
DA:31,0
DA:35,0
DA:36,0
DA:37,0
DA:41,0
DA:43,0
DA:44,0
DA:45,0
DA:47,0
DA:48,0
DA:52,0
DA:54,0
DA:57,0
DA:59,0
DA:60,0
DA:63,0
DA:64,0
DA:66,0
DA:70,0
DA:75,0
DA:78,0
DA:82,0
DA:85,0
DA:87,0
DA:88,0
DA:92,5
DA:93,0
DA:96,5
LF:44
LH:13
BRDA:30,0,0,0
BRDA:30,0,1,0
BRDA:36,1,0,0
BRDA:36,1,1,0
BRDA:47,2,0,0
BRDA:47,2,1,0
BRDA:59,3,0,0
BRDA:59,3,1,0
BRDA:63,4,0,0
BRDA:63,4,1,0
BRF:10
BRH:0
end_of_record
TN:
SF:controllers\transactionController.js
FN:11,(anonymous_0)
FN:30,(anonymous_1)
FN:52,(anonymous_2)
FN:76,(anonymous_3)
FN:116,(anonymous_4)
FNF:5
FNH:5
FNDA:1,(anonymous_0)
FNDA:1,(anonymous_1)
FNDA:3,(anonymous_2)
FNDA:1,(anonymous_3)
FNDA:2,(anonymous_4)
DA:1,5
DA:2,5
DA:3,5
DA:4,5
DA:5,5
DA:6,5
DA:9,5
DA:11,5
DA:12,1
DA:15,1
DA:16,0
DA:17,0
DA:20,1
DA:21,1
DA:22,1
DA:24,0
DA:25,0
DA:26,0
DA:30,5
DA:32,1
DA:34,1
DA:35,0
DA:36,0
DA:39,1
DA:40,1
DA:41,1
DA:47,0
DA:48,0
DA:52,5
DA:53,3
DA:54,3
DA:55,3
DA:56,3
DA:58,3
DA:59,3
DA:65,2
DA:66,2
DA:68,2
DA:70,1
DA:71,1
DA:76,5
DA:77,1
DA:78,1
DA:79,0
DA:80,0
DA:86,1
DA:87,1
DA:89,1
DA:90,1
DA:91,1
DA:97,0
DA:101,0
DA:104,0
DA:105,0
DA:106,0
DA:108,0
DA:109,0
DA:116,5
DA:117,2
DA:118,2
DA:119,0
DA:120,0
DA:126,2
DA:127,2
DA:129,2
DA:130,1
DA:131,1
DA:136,1
DA:137,1
DA:143,0
DA:144,0
LF:71
LH:49
BRDA:9,0,0,5
BRDA:9,0,1,2
BRDA:15,1,0,0
BRDA:15,1,1,1
BRDA:34,2,0,0
BRDA:34,2,1,1
BRDA:78,3,0,0
BRDA:78,3,1,1
BRDA:89,4,0,1
BRDA:89,4,1,0
BRDA:118,5,0,0
BRDA:118,5,1,2
BRDA:129,6,0,1
BRDA:129,6,1,1
BRF:14
BRH:9
end_of_record
TN:
SF:daos\admin.dao.js
FN:3,(anonymous_0)
FN:7,(anonymous_1)
FN:11,(anonymous_2)
FN:15,(anonymous_3)
FN:20,(anonymous_4)
FNF:5
FNH:4
FNDA:1,(anonymous_0)
FNDA:6,(anonymous_1)
FNDA:0,(anonymous_2)
FNDA:3,(anonymous_3)
FNDA:1,(anonymous_4)
DA:1,5
DA:3,5
DA:4,1
DA:7,5
DA:8,6
DA:11,5
DA:12,0
DA:15,5
DA:16,3
DA:17,3
DA:20,5
DA:21,1
DA:24,5
LF:13
LH:12
BRF:0
BRH:0
end_of_record
TN:
SF:daos\participant.dao.js
FN:3,(anonymous_0)
FN:7,(anonymous_1)
FN:11,(anonymous_2)
FN:16,(anonymous_3)
FN:20,(anonymous_4)
FNF:5
FNH:4
FNDA:1,(anonymous_0)
FNDA:0,(anonymous_1)
FNDA:4,(anonymous_2)
FNDA:3,(anonymous_3)
FNDA:2,(anonymous_4)
DA:1,5
DA:3,5
DA:4,1
DA:7,5
DA:8,0
DA:11,5
DA:12,4
DA:13,4
DA:16,5
DA:17,3
DA:20,5
DA:21,2
DA:28,5
LF:13
LH:12
BRF:0
BRH:0
end_of_record
TN:
SF:daos\transaction.dao.js
FN:5,(anonymous_0)
FN:10,(anonymous_1)
FN:15,(anonymous_2)
FN:21,(anonymous_3)
FN:26,(anonymous_4)
FN:34,(anonymous_5)
FN:38,(anonymous_6)
FN:46,(anonymous_7)
FNF:8
FNH:5
FNDA:1,(anonymous_0)
FNDA:1,(anonymous_1)
FNDA:3,(anonymous_2)
FNDA:2,(anonymous_3)
FNDA:0,(anonymous_4)
FNDA:1,(anonymous_5)
FNDA:0,(anonymous_6)
FNDA:0,(anonymous_7)
DA:1,5
DA:2,5
DA:5,5
DA:6,1
DA:10,5
DA:11,1
DA:15,5
DA:16,3
DA:17,3
DA:21,5
DA:22,2
DA:26,5
DA:27,0
DA:34,5
DA:35,1
DA:38,5
DA:39,0
DA:46,5
DA:47,0
DA:50,5
LF:20
LH:17
BRF:0
BRH:0
end_of_record
TN:
SF:middlewares\verification.middleware.js
FN:9,(anonymous_0)
FN:29,(anonymous_1)
FN:30,(anonymous_2)
FNF:3
FNH:3
FNDA:15,(anonymous_0)
FNDA:40,(anonymous_1)
FNDA:11,(anonymous_2)
DA:3,5
DA:9,5
DA:10,15
DA:11,15
DA:13,15
DA:14,4
DA:15,4
DA:21,11
DA:22,11
DA:29,5
DA:30,40
DA:31,11
DA:33,11
DA:34,0
DA:35,0
DA:41,11
DA:45,5
LF:17
LH:15
BRDA:13,0,0,4
BRDA:13,0,1,11
BRDA:33,1,0,0
BRDA:33,1,1,11
BRDA:33,2,0,11
BRDA:33,2,1,11
BRDA:34,3,0,0
BRDA:34,3,1,0
BRF:8
BRH:5
end_of_record
TN:
SF:models\admins.models.js
FNF:0
FNH:0
DA:1,5
DA:2,5
DA:3,5
DA:31,5
LF:4
LH:4
BRF:0
BRH:0
end_of_record
TN:
SF:models\participant.models.js
FNF:0
FNH:0
DA:1,5
DA:2,5
DA:4,5
DA:5,5
DA:28,5
LF:5
LH:5
BRF:0
BRH:0
end_of_record
TN:
SF:models\transaction.models.js
FNF:0
FNH:0
DA:1,5
DA:3,5
DA:4,5
DA:23,5
LF:4
LH:4
BRF:0
BRH:0
end_of_record
TN:
SF:routes\admin.routes.js
FNF:0
FNH:0
DA:1,5
DA:2,5
DA:3,5
DA:4,5
DA:56,5
DA:109,5
DA:181,5
DA:185,5
LF:8
LH:8
BRF:0
BRH:0
end_of_record
TN:
SF:routes\auth.routes.js
FNF:0
FNH:0
DA:1,5
DA:2,5
DA:3,5
DA:94,5
DA:123,5
DA:125,5
LF:6
LH:6
BRF:0
BRH:0
end_of_record
TN:
SF:routes\email.routes.js
FNF:0
FNH:0
DA:1,5
DA:2,5
DA:3,5
DA:44,5
DA:46,5
LF:5
LH:5
BRF:0
BRH:0
end_of_record
TN:
SF:routes\participant.routes.js
FNF:0
FNH:0
DA:1,5
DA:2,5
DA:3,5
DA:4,5
DA:40,5
DA:93,5
DA:129,5
DA:131,5
LF:8
LH:8
BRF:0
BRH:0
end_of_record
TN:
SF:routes\stripe.routes.js
FNF:0
FNH:0
DA:1,5
DA:2,5
DA:3,5
DA:41,5
DA:64,5
DA:76,5
DA:78,5
LF:7
LH:7
BRF:0
BRH:0
end_of_record
TN:
SF:routes\transaction.routes.js
FNF:0
FNH:0
DA:1,5
DA:2,5
DA:3,5
DA:4,5
DA:41,5
DA:71,5
DA:115,5
DA:157,5
DA:198,5
DA:200,5
LF:10
LH:10
BRF:0
BRH:0
end_of_record
TN:
SF:services\auth.service.js
FN:5,(anonymous_0)
FN:21,(anonymous_1)
FN:25,(anonymous_2)
FN:39,(anonymous_3)
FN:49,(anonymous_4)
FNF:5
FNH:4
FNDA:4,(anonymous_0)
FNDA:5,(anonymous_1)
FNDA:15,(anonymous_2)
FNDA:15,(anonymous_3)
FNDA:0,(anonymous_4)
DA:1,5
DA:2,5
DA:3,5
DA:5,5
DA:6,4
DA:13,4
DA:14,4
DA:17,4
DA:18,4
DA:21,5
DA:22,5
DA:25,5
DA:26,15
DA:27,15
DA:28,15
DA:29,11
DA:33,4
DA:39,5
DA:40,15
DA:41,15
DA:42,12
DA:44,12
DA:46,3
DA:49,5
DA:51,0
DA:52,0
DA:53,0
DA:55,0
DA:57,0
DA:59,0
DA:61,0
DA:63,0
DA:69,0
DA:71,0
DA:73,0
DA:74,0
DA:78,5
LF:37
LH:25
BRDA:41,0,0,12
BRDA:41,0,1,3
BRDA:41,1,0,15
BRDA:41,1,1,12
BRF:4
BRH:4
end_of_record
TN:
SF:services\stripe.service.js
FN:8,(anonymous_0)
FN:38,(anonymous_1)
FNF:2
FNH:1
FNDA:1,(anonymous_0)
FNDA:0,(anonymous_1)
DA:1,5
DA:2,5
DA:3,5
DA:5,5
DA:8,5
DA:9,1
DA:10,1
DA:13,1
DA:18,1
DA:20,1
DA:38,5
DA:39,0
DA:42,5
LF:13
LH:12
BRDA:8,0,0,0
BRDA:9,1,0,1
BRDA:9,1,1,1
BRDA:10,2,0,1
BRDA:10,2,1,1
BRDA:14,3,0,1
BRDA:14,3,1,0
BRDA:15,4,0,1
BRDA:15,4,1,0
BRF:9
BRH:6
end_of_record
TN:
SF:utils\logger.js
FNF:0
FNH:0
DA:1,5
DA:2,5
DA:4,5
DA:24,5
LF:4
LH:4
BRF:0
BRH:0
end_of_record
